Base path: /home/bwu/Unity/Hub/Editor/2018.4.14f1/Editor/Data
Cmd: initializeCompiler
Cmd: compileComputeKernel
  error: 1 plat 15 at Generic.compute(379): signed/unsigned mismatch, unsigned assumed
  error: 1 plat 15 at Generic.compute(392): signed/unsigned mismatch, unsigned assumed
  error: 1 plat 15 at Generic.compute(408): signed/unsigned mismatch, unsigned assumed
  api=15 insize=15451 outsize=2377 ok=1
Cmd: compileComputeKernel
  error: 1 plat 18 at Generic.compute(379): signed/unsigned mismatch, unsigned assumed
  error: 1 plat 18 at Generic.compute(392): signed/unsigned mismatch, unsigned assumed
  error: 1 plat 18 at Generic.compute(408): signed/unsigned mismatch, unsigned assumed
  api=18 insize=15451 outsize=7773 ok=1
Cmd: compileComputeKernel
  error: 1 plat 18 at Generic.compute(379): signed/unsigned mismatch, unsigned assumed
  error: 1 plat 18 at Generic.compute(392): signed/unsigned mismatch, unsigned assumed
  error: 1 plat 18 at Generic.compute(408): signed/unsigned mismatch, unsigned assumed
  api=18 insize=15451 outsize=5809 ok=1
Cmd: compileComputeKernel
  error: 1 plat 15 at Tensor.cginc(155): use of potentially uninitialized variable (ReadonlyTensor::SafeGet)
  api=15 insize=64076 outsize=24913 ok=1
Cmd: compileComputeKernel
  api=15 insize=9919 outsize=3813 ok=1
Cmd: compileComputeKernel
  api=15 insize=9919 outsize=3865 ok=1
Cmd: compileComputeKernel
  api=18 insize=9919 outsize=7969 ok=1
Cmd: compileComputeKernel
  api=15 insize=23440 outsize=16333 ok=1
Cmd: compileComputeKernel
  api=18 insize=23440 outsize=16869 ok=1
Cmd: compileComputeKernel
  api=18 insize=23440 outsize=14561 ok=1
Cmd: compileComputeKernel
  error: 1 plat 15 at BarracudaReferenceImpl.compute(12): 'kernal' : unknown pragma ignored
  error: 1 plat 15 at BarracudaReferenceImpl.compute(1255): array reference cannot be used as an l-value; not natively addressable, forcing loop to unroll
  error: 1 plat 15 at BarracudaReferenceImpl.compute(1261): 'ix': loop control variable conflicts with a previous declaration in the outer scope; most recent declaration will be used
  error: 1 plat 15 at BarracudaReferenceImpl.compute(1265): array reference cannot be used as an l-value; not natively addressable, forcing loop to unroll
  api=15 insize=44328 outsize=16217 ok=1
Cmd: compileComputeKernel
  error: 1 plat 18 at BarracudaReferenceImpl.compute(12): 'kernal' : unknown pragma ignored
  error: 1 plat 18 at BarracudaReferenceImpl.compute(1261): 'ix': loop control variable conflicts with a previous declaration in the outer scope; most recent declaration will be used
  api=18 insize=44328 outsize=9753 ok=1
Cmd: compileComputeKernel
  api=15 insize=4053 outsize=2881 ok=1
Cmd: compileComputeKernel
  api=15 insize=1810 outsize=6753 ok=1
Cmd: compileComputeKernel
  api=15 insize=28299 outsize=1629 ok=1
Cmd: compileComputeKernel
  api=15 insize=28299 outsize=1821 ok=1
Cmd: compileComputeKernel
  api=15 insize=28299 outsize=1809 ok=1
Cmd: compileComputeKernel
  api=15 insize=28299 outsize=2689 ok=1
Cmd: compileComputeKernel
  api=15 insize=28299 outsize=2317 ok=1
Cmd: compileComputeKernel
  api=15 insize=28299 outsize=2977 ok=1
Cmd: compileComputeKernel
  api=15 insize=28299 outsize=2717 ok=1
Cmd: compileComputeKernel
  api=15 insize=28299 outsize=2717 ok=1
Cmd: compileComputeKernel
  api=18 insize=28299 outsize=3065 ok=1
Cmd: compileComputeKernel
  api=18 insize=28299 outsize=4449 ok=1
Cmd: compileComputeKernel
  api=18 insize=28299 outsize=3901 ok=1
Cmd: compileComputeKernel
  api=18 insize=28299 outsize=3289 ok=1
Cmd: compileComputeKernel
  api=18 insize=28299 outsize=3289 ok=1
Cmd: compileComputeKernel
  api=18 insize=28299 outsize=5397 ok=1
Cmd: compileComputeKernel
  api=18 insize=28299 outsize=5701 ok=1
Cmd: compileComputeKernel
  api=18 insize=28299 outsize=5993 ok=1
Cmd: compileComputeKernel
  api=18 insize=28299 outsize=5365 ok=1
Cmd: compileComputeKernel
  api=18 insize=28299 outsize=6581 ok=1
Cmd: initializeCompiler
Cmd: initializeCompiler
Cmd: initializeCompiler
Cmd: initializeCompiler
Cmd: initializeCompiler
Cmd: initializeCompiler

Quitting shader compiler process
